<?xml version="1.0" encoding="UTF-8"?>
<!-- Generated by org.testng.reporters.JUnitReportReporter -->
<testsuite hostname="Harry" failures="0" tests="3" name="com.TestCases.DWS_Register" time="23.203" errors="0" timestamp="2023-06-14T14:33:12 IST" skipped="0">
  <testcase classname="com.TestCases.DWS_Register" name="Register" time="6.790"/>
  <system-out/>
  <testcase classname="com.TestCases.DWS_Register" name="Register" time="8.204"/>
  <system-out/>
  <testcase classname="com.TestCases.DWS_Register" name="Register" time="8.209"/>
  <system-out/>
</testsuite> <!-- com.TestCases.DWS_Register -->
