<?xml version="1.0" encoding="UTF-8"?>
<!-- Generated by org.testng.reporters.JUnitReportReporter -->
<testsuite hostname="Harry" failures="0" tests="1" name="com.POMTestScripts.ValidateProductBookTest" time="15.598" errors="0" timestamp="2023-06-24T09:51:57 IST" skipped="0">
  <testcase classname="com.POMTestScripts.ValidateProductBookTest" name="validateproduct" time="15.598"/>
  <system-out/>
</testsuite> <!-- com.POMTestScripts.ValidateProductBookTest -->
