<?xml version="1.0" encoding="UTF-8"?>
<!-- Generated by org.testng.reporters.JUnitReportReporter -->
<testsuite hostname="Harry" failures="0" tests="1" name="com.POMTestScripts.ModifyProductTest" time="0.000" errors="0" timestamp="2023-06-29T14:59:30 IST" skipped="0">
  <testcase classname="com.POMTestScripts.ModifyProductTest" name="modifyprd" time="0.000"/>
  <system-out/>
</testsuite> <!-- com.POMTestScripts.ModifyProductTest -->
