<?xml version="1.0" encoding="UTF-8"?>
<!-- Generated by org.testng.reporters.JUnitReportReporter -->
<testsuite hostname="Harry" failures="0" tests="1" name="com.TestCases.SearchTest" time="0.502" errors="0" timestamp="2023-06-28T11:06:21 IST" skipped="0">
  <testcase classname="com.TestCases.SearchTest" name="searchtest" time="0.502"/>
  <system-out/>
</testsuite> <!-- com.TestCases.SearchTest -->
