<?xml version="1.0" encoding="UTF-8"?>
<!-- Generated by org.testng.reporters.JUnitReportReporter -->
<testsuite hostname="Harry" failures="0" tests="1" name="com.Shopperstack_TestScript.TC001_AddAddress" time="0.023" errors="0" timestamp="2023-08-01T12:24:31 IST" skipped="0">
  <testcase classname="com.Shopperstack_TestScript.TC001_AddAddress" name="addAddress" time="0.023"/>
  <system-out/>
</testsuite> <!-- com.Shopperstack_TestScript.TC001_AddAddress -->
