<?xml version="1.0" encoding="UTF-8"?>
<!-- Generated by org.testng.reporters.JUnitReportReporter -->
<testsuite hostname="Harry" failures="0" tests="1" name="com.TestCases.SampleTest" time="2.641" errors="0" timestamp="2023-06-15T17:14:02 IST" skipped="0">
  <testcase classname="com.TestCases.SampleTest" name="Sampletest" time="2.641"/>
  <system-out/>
</testsuite> <!-- com.TestCases.SampleTest -->
