<?xml version="1.0" encoding="UTF-8"?>
<!-- Generated by org.testng.reporters.JUnitReportReporter -->
<testsuite hostname="Harry" failures="0" tests="1" name="com.OFOS_script.TC002_verifylogin" time="0.020" errors="0" timestamp="2023-08-01T14:58:45 IST" skipped="0">
  <testcase classname="com.OFOS_script.TC002_verifylogin" name="verifyLogin" time="0.020"/>
  <system-out/>
</testsuite> <!-- com.OFOS_script.TC002_verifylogin -->
