<?xml version="1.0" encoding="UTF-8"?>
<!-- Generated by org.testng.reporters.JUnitReportReporter -->
<testsuite hostname="Harry" failures="0" tests="3" name="com.POMTestScripts.ValidateReigterTest" time="20.807" errors="0" timestamp="2023-06-19T17:24:23 IST" skipped="0">
  <testcase classname="com.POMTestScripts.ValidateReigterTest" name="validateregister" time="5.905"/>
  <system-out/>
  <testcase classname="com.POMTestScripts.ValidateReigterTest" name="validateregister" time="6.647"/>
  <system-out/>
  <testcase classname="com.POMTestScripts.ValidateReigterTest" name="validateregister" time="8.255"/>
  <system-out/>
</testsuite> <!-- com.POMTestScripts.ValidateReigterTest -->
