<?xml version="1.0" encoding="UTF-8"?>
<!-- Generated by org.testng.reporters.JUnitReportReporter -->
<testsuite hostname="Harry" failures="0" tests="1" name="com.TestCases.DWS_Login" time="3.519" errors="0" timestamp="2023-06-14T15:13:49 IST" skipped="0">
  <testcase classname="com.TestCases.DWS_Login" name="login" time="3.519"/>
  <system-out/>
</testsuite> <!-- com.TestCases.DWS_Login -->
