<?xml version="1.0" encoding="UTF-8"?>
<!-- Generated by org.testng.reporters.JUnitReportReporter -->
<testsuite hostname="Harry" failures="0" tests="1" name="com.POMTestScripts.RegisterProductTest" time="0.008" errors="0" timestamp="2023-06-29T14:56:51 IST" skipped="0">
  <testcase classname="com.POMTestScripts.RegisterProductTest" name="regprd" time="0.008"/>
  <system-out/>
</testsuite> <!-- com.POMTestScripts.RegisterProductTest -->
