<?xml version="1.0" encoding="UTF-8"?>
<!-- Generated by org.testng.reporters.JUnitReportReporter -->
<testsuite hostname="Harry" failures="0" tests="1" name="com.TestCases.DWS_AddProduct" time="6.029" errors="0" timestamp="2023-06-14T17:36:19 IST" skipped="0">
  <testcase classname="com.TestCases.DWS_AddProduct" name="Addproduct" time="6.029"/>
  <system-out/>
</testsuite> <!-- com.TestCases.DWS_AddProduct -->
