<?xml version="1.0" encoding="UTF-8"?>
<!-- Generated by org.testng.reporters.JUnitReportReporter -->
<testsuite hostname="Harry" failures="0" tests="3" name="com.TestCases.RegisterTest" time="21.038" errors="0" timestamp="2023-06-15T17:06:03 IST" skipped="0">
  <testcase classname="com.TestCases.RegisterTest" name="Register" time="7.142"/>
  <system-out/>
  <testcase classname="com.TestCases.RegisterTest" name="Register" time="6.550"/>
  <system-out/>
  <testcase classname="com.TestCases.RegisterTest" name="Register" time="7.346"/>
  <system-out/>
</testsuite> <!-- com.TestCases.RegisterTest -->
