<?xml version="1.0" encoding="UTF-8"?>
<!-- Generated by org.testng.reporters.JUnitReportReporter -->
<testsuite hostname="Harry" failures="0" tests="1" name="com.TestCases.Demo" time="0.013" errors="0" timestamp="2023-07-03T12:28:03 IST" skipped="0">
  <testcase classname="com.TestCases.Demo" name="demo" time="0.013"/>
  <system-out/>
</testsuite> <!-- com.TestCases.Demo -->
