<?xml version="1.0" encoding="UTF-8"?>
<!-- Generated by org.testng.reporters.JUnitReportReporter -->
<testsuite hostname="Harry" failures="0" tests="1" name="com.OFOS_script.TC001VerifyRegister" time="0.027" errors="0" timestamp="2023-08-01T12:38:24 IST" skipped="0">
  <testcase classname="com.OFOS_script.TC001VerifyRegister" name="verifyRegister" time="0.027"/>
  <system-out/>
</testsuite> <!-- com.OFOS_script.TC001VerifyRegister -->
