<?xml version="1.0" encoding="UTF-8"?>
<!-- Generated by org.testng.reporters.JUnitReportReporter -->
<testsuite hostname="Harry" failures="0" tests="1" name="com.POMTestScripts.CreateProductTest" time="0.025" errors="0" timestamp="2023-06-29T14:59:30 IST" skipped="0">
  <testcase classname="com.POMTestScripts.CreateProductTest" name="createprd" time="0.025"/>
  <system-out/>
</testsuite> <!-- com.POMTestScripts.CreateProductTest -->
