<?xml version="1.0" encoding="UTF-8"?>
<!-- Generated by org.testng.reporters.JUnitReportReporter -->
<testsuite hostname="Harry" failures="0" tests="1" name="com.POMTestScripts.ValidateProductTest" time="1.412" errors="0" timestamp="2023-06-19T17:44:35 IST" skipped="0">
  <testcase classname="com.POMTestScripts.ValidateProductTest" name="validateproduct" time="1.412"/>
  <system-out/>
</testsuite> <!-- com.POMTestScripts.ValidateProductTest -->
