<?xml version="1.0" encoding="UTF-8"?>
<!-- Generated by org.testng.reporters.JUnitReportReporter -->
<testsuite hostname="Harry" failures="0" tests="1" name="com.POMTestScripts.ValidloginTest" time="3.183" errors="0" timestamp="2023-06-20T16:45:47 IST" skipped="0">
  <testcase classname="com.POMTestScripts.ValidloginTest" name="validatelogin" time="3.183"/>
  <system-out/>
</testsuite> <!-- com.POMTestScripts.ValidloginTest -->
