<?xml version="1.0" encoding="UTF-8"?>
<!-- Generated by org.testng.reporters.JUnitReportReporter -->
<testsuite hostname="Harry" failures="0" tests="1" name="com.TestCases.LoginTest" time="3.714" errors="0" timestamp="2023-06-15T17:06:03 IST" skipped="0">
  <testcase classname="com.TestCases.LoginTest" name="login" time="3.714"/>
  <system-out/>
</testsuite> <!-- com.TestCases.LoginTest -->
